<?xml version="1.0" encoding="UTF-8"?>
<testsuite name="controllers.FilmAPITest$DeleteFilms" tests="2" skipped="0" failures="0" errors="0" timestamp="2023-04-26T23:29:30" hostname="DESKTOP-BK2M168" time="0.003">
  <properties/>
  <testcase name="deleting a note that exists delete and returns deleted object()" classname="controllers.FilmAPITest$DeleteFilms" time="0.001"/>
  <testcase name="deleting a Note that does not exist, returns null()" classname="controllers.FilmAPITest$DeleteFilms" time="0.001"/>
  <system-out><![CDATA[]]></system-out>
  <system-err><![CDATA[]]></system-err>
</testsuite>
