<?xml version="1.0" encoding="UTF-8"?>
<testsuite name="controllers.FilmAPITest$ArchiveFilms" tests="3" skipped="0" failures="0" errors="0" timestamp="2023-04-27T15:58:04" hostname="DESKTOP-BK2M168" time="0.004">
  <properties/>
  <testcase name="archiving an active film that exists returns true and archives()" classname="controllers.FilmAPITest$ArchiveFilms" time="0.002"/>
  <testcase name="archiving an already archived film returns false()" classname="controllers.FilmAPITest$ArchiveFilms" time="0.001"/>
  <testcase name="archiving a note that does not exist returns false()" classname="controllers.FilmAPITest$ArchiveFilms" time="0.001"/>
  <system-out><![CDATA[]]></system-out>
  <system-err><![CDATA[]]></system-err>
</testsuite>
