<?xml version="1.0" encoding="UTF-8"?>
<testsuite name="controllers.FilmAPITest$ListFilms" tests="9" skipped="0" failures="0" errors="0" timestamp="2023-04-27T15:54:16" hostname="DESKTOP-BK2M168" time="0.011">
  <properties/>
  <testcase name="listArchivedFilms returns no archived films when ArrayList is empty()" classname="controllers.FilmAPITest$ListFilms" time="0.001"/>
  <testcase name="listAllFilms returns No Films Stored message when ArrayList is empty()" classname="controllers.FilmAPITest$ListFilms" time="0.0"/>
  <testcase name="listActiveFilms returns active films when ArrayList has active films stored()" classname="controllers.FilmAPITest$ListFilms" time="0.0"/>
  <testcase name="listFilmsBySelectedRating returns no films when no films of that rating exist()" classname="controllers.FilmAPITest$ListFilms" time="0.001"/>
  <testcase name="listActiveFilms returns no active films when ArrayList is empty()" classname="controllers.FilmAPITest$ListFilms" time="0.001"/>
  <testcase name="listAllFilms returns Films when ArrayList has films stored()" classname="controllers.FilmAPITest$ListFilms" time="0.001"/>
  <testcase name="listFilmsBySelectedRating returns all films that match that rating when films of that rating exist()" classname="controllers.FilmAPITest$ListFilms" time="0.001"/>
  <testcase name="listFilmsBySelectedRating returns No Films when ArrayList is empty()" classname="controllers.FilmAPITest$ListFilms" time="0.0"/>
  <testcase name="listArchivedFilms returns archived films when ArrayList has archived films stored()" classname="controllers.FilmAPITest$ListFilms" time="0.001"/>
  <system-out><![CDATA[]]></system-out>
  <system-err><![CDATA[]]></system-err>
</testsuite>
