<?xml version="1.0" encoding="UTF-8"?>
<testsuite name="controllers.FilmAPITest" tests="1" skipped="0" failures="0" errors="0" timestamp="2023-04-25T23:21:18" hostname="DESKTOP-BK2M168" time="0.032">
  <properties/>
  <testcase name="listAllFilms returns Films when ArrayList has films stored()" classname="controllers.FilmAPITest" time="0.032"/>
  <system-out><![CDATA[]]></system-out>
  <system-err><![CDATA[]]></system-err>
</testsuite>
