<?xml version="1.0" encoding="UTF-8"?>
<testsuite name="controllers.FilmAPITest$CountingMethods" tests="4" skipped="0" failures="0" errors="0" timestamp="2023-04-27T17:28:59" hostname="DESKTOP-BK2M168" time="0.011">
  <properties/>
  <testcase name="numberOfFilmsCalculatedCorrectly()" classname="controllers.FilmAPITest$CountingMethods" time="0.001"/>
  <testcase name="numberOfActiveFilmsCalculatedCorrectly()" classname="controllers.FilmAPITest$CountingMethods" time="0.003"/>
  <testcase name="numberOfArchivedFilmsCalculatedCorrectly()" classname="controllers.FilmAPITest$CountingMethods" time="0.001"/>
  <testcase name="numberOfNotesByPriorityCalculatedCorrectly()" classname="controllers.FilmAPITest$CountingMethods" time="0.003"/>
  <system-out><![CDATA[]]></system-out>
  <system-err><![CDATA[]]></system-err>
</testsuite>
