<?xml version="1.0" encoding="UTF-8"?>
<testsuite name="controllers.FilmAPITest$ArchiveFilms" tests="1" skipped="0" failures="0" errors="0" timestamp="2023-04-27T14:43:45" hostname="DESKTOP-BK2M168" time="0.029">
  <properties/>
  <testcase name="archiving an already archived film returns false()" classname="controllers.FilmAPITest$ArchiveFilms" time="0.029"/>
  <system-out><![CDATA[]]></system-out>
  <system-err><![CDATA[]]></system-err>
</testsuite>
