<?xml version="1.0" encoding="UTF-8"?>
<testsuite name="controllers.FilmAPITest$DeleteFilms" tests="2" skipped="0" failures="0" errors="0" timestamp="2023-04-26T21:48:23" hostname="DESKTOP-BK2M168" time="0.028">
  <properties/>
  <testcase name="deleting a note that exists delete and returns deleted object()" classname="controllers.FilmAPITest$DeleteFilms" time="0.025"/>
  <testcase name="deleting a Note that does not exist, returns null()" classname="controllers.FilmAPITest$DeleteFilms" time="0.002"/>
  <system-out><![CDATA[]]></system-out>
  <system-err><![CDATA[]]></system-err>
</testsuite>
