<?xml version="1.0" encoding="UTF-8"?>
<testsuite name="controllers.FilmAPITest$UpdateFilms" tests="1" skipped="0" failures="0" errors="0" timestamp="2023-04-26T22:20:17" hostname="DESKTOP-BK2M168" time="0.027">
  <properties/>
  <testcase name="updating a note that exists returns true and updates()" classname="controllers.FilmAPITest$UpdateFilms" time="0.027"/>
  <system-out><![CDATA[]]></system-out>
  <system-err><![CDATA[]]></system-err>
</testsuite>
