<?xml version="1.0" encoding="UTF-8"?>
<testsuite name="controllers.FilmAPITest" tests="11" skipped="0" failures="0" errors="0" timestamp="2023-04-26T23:17:39" hostname="DESKTOP-BK2M168" time="0.07">
  <properties/>
  <testcase name="listArchivedFilms returns no archived films when ArrayList is empty()" classname="controllers.FilmAPITest" time="0.032"/>
  <testcase name="listAllFilms returns No Films Stored message when ArrayList is empty()" classname="controllers.FilmAPITest" time="0.001"/>
  <testcase name="listActiveFilms returns active films when ArrayList has active films stored()" classname="controllers.FilmAPITest" time="0.002"/>
  <testcase name="listFilmsBySelectedRating returns no films when no films of that rating exist()" classname="controllers.FilmAPITest" time="0.002"/>
  <testcase name="listActiveFilms returns no active films when ArrayList is empty()" classname="controllers.FilmAPITest" time="0.001"/>
  <testcase name="adding a Film to an empty list adds to ArrayList()" classname="controllers.FilmAPITest" time="0.001"/>
  <testcase name="listAllFilms returns Films when ArrayList has films stored()" classname="controllers.FilmAPITest" time="0.001"/>
  <testcase name="adding a Film to a populated list adds to ArrayList()" classname="controllers.FilmAPITest" time="0.001"/>
  <testcase name="listFilmsBySelectedRating returns all films that match that rating when films of that rating exist()" classname="controllers.FilmAPITest" time="0.019"/>
  <testcase name="listFilmsBySelectedRating returns No Films when ArrayList is empty()" classname="controllers.FilmAPITest" time="0.001"/>
  <testcase name="listArchivedFilms returns archived films when ArrayList has archived films stored()" classname="controllers.FilmAPITest" time="0.001"/>
  <system-out><![CDATA[]]></system-out>
  <system-err><![CDATA[]]></system-err>
</testsuite>
