<?xml version="1.0" encoding="UTF-8"?>
<testsuite name="controllers.FilmAPITest" tests="6" skipped="0" failures="0" errors="0" timestamp="2023-04-27T15:40:58" hostname="DESKTOP-BK2M168" time="0.279">
  <properties/>
  <testcase name="saving and loading an loaded collection in JSON doesn't loose data()" classname="controllers.FilmAPITest" time="0.224"/>
  <testcase name="adding a Film to an empty list adds to ArrayList()" classname="controllers.FilmAPITest" time="0.002"/>
  <testcase name="adding a Film to a populated list adds to ArrayList()" classname="controllers.FilmAPITest" time="0.001"/>
  <testcase name="saving and loading an empty collection in CBOR doesn't crash app()" classname="controllers.FilmAPITest" time="0.026"/>
  <testcase name="saving and loading an loaded collection in CBOR doesn't loose data()" classname="controllers.FilmAPITest" time="0.013"/>
  <testcase name="saving and loading an empty collection in JSON doesn't crash app()" classname="controllers.FilmAPITest" time="0.007"/>
  <system-out><![CDATA[]]></system-out>
  <system-err><![CDATA[]]></system-err>
</testsuite>
