<?xml version="1.0" encoding="UTF-8"?>
<testsuite name="controllers.FilmAPITest$UpdateFilms" tests="2" skipped="0" failures="0" errors="0" timestamp="2023-04-26T23:29:30" hostname="DESKTOP-BK2M168" time="0.002">
  <properties/>
  <testcase name="updating a film that does not exist returns false()" classname="controllers.FilmAPITest$UpdateFilms" time="0.001"/>
  <testcase name="updating a note that exists returns true and updates()" classname="controllers.FilmAPITest$UpdateFilms" time="0.0"/>
  <system-out><![CDATA[]]></system-out>
  <system-err><![CDATA[]]></system-err>
</testsuite>
